Epoch 1/100

[1m 1/12[0m [32m=[0m[37m===================[0m [1m0s[0m 43ms/step - accuracy: 0.9375 - loss: 0.2733
[1m 3/12[0m [32m=====[0m[37m===============[0m [1m0s[0m 28ms/step - accuracy: 0.9271 - loss: 0.3191
[1m 5/12[0m [32m========[0m[37m============[0m [1m0s[0m 27ms/step - accuracy: 0.9022 - loss: 0.3337
[1m 7/12[0m [32m===========[0m[37m=========[0m [1m0s[0m 27ms/step - accuracy: 0.8915 - loss: 0.3360
[1m 9/12[0m [32m===============[0m[37m=====[0m [1m0s[0m 27ms/step - accuracy: 0.8899 - loss: 0.3264
[1m11/12[0m [32m==================[0m[37m==[0m [1m0s[0m 27ms/step - accuracy: 0.8880 - loss: 0.3200
[1m12/12[0m [32m====================[0m[37m[0m [1m1s[0m 59ms/step - accuracy: 0.8825 - loss: 0.2844 - val_accuracy: 0.9457 - val_loss: 0.1354 - learning_rate: 0.0010
Epoch 2/100

[1m 1/12[0m [32m=[0m[37m===================[0m [1m0s[0m 52ms/step - accuracy: 0.8750 - loss: 0.2108
[1m 3/12[0m [32m=====[0m[37m===============[0m [1m0s[0m 27ms/step - accuracy: 0.8872 - loss: 0.2104
[1m 5/12[0m [32m========[0m[37m============[0m [1m0s[0m 27ms/step - accuracy: 0.8839 - loss: 0.2322
[1m 7/12[0m [32m===========[0m[37m=========[0m [1m0s[0m 27ms/step - accuracy: 0.8826 - loss: 0.2404
[1m 9/12[0m [32m===============[0m[37m=====[0m [1m0s[0m 27ms/step - accuracy: 0.8838 - loss: 0.2425
[1m11/12[0m [32m==================[0m[37m==[0m [1m0s[0m 27ms/step - accuracy: 0.8838 - loss: 0.2470
[1m12/12[0m [32m====================[0m[37m[0m [1m0s[0m 33ms/step - accuracy: 0.8880 - loss: 0.2714 - val_accuracy: 0.9348 - val_loss: 0.1371 - learning_rate: 0.0010
Epoch 3/100

[1m 1/12[0m [32m=[0m[37m===================[0m [1m0s[0m 50ms/step - accuracy: 0.8125 - loss: 0.4240
[1m 3/12[0m [32m=====[0m[37m===============[0m [1m0s[0m 27ms/step - accuracy: 0.8542 - loss: 0.3124
[1m 5/12[0m [32m========[0m[37m============[0m [1m0s[0m 27ms/step - accuracy: 0.8681 - loss: 0.2796
[1m 7/12[0m [32m===========[0m[37m=========[0m [1m0s[0m 27ms/step - accuracy: 0.8789 - loss: 0.2576
[1m 9/12[0m [32m===============[0m[37m=====[0m [1m0s[0m 28ms/step - accuracy: 0.8859 - loss: 0.2449
[1m11/12[0m [32m==================[0m[37m==[0m [1m0s[0m 28ms/step - accuracy: 0.8909 - loss: 0.2364
[1m12/12[0m [32m====================[0m[37m[0m [1m0s[0m 34ms/step - accuracy: 0.9180 - loss: 0.1914 - val_accuracy: 0.9348 - val_loss: 0.1403 - learning_rate: 0.0010
Epoch 4/100

[1m 1/12[0m [32m=[0m[37m===================[0m [1m0s[0m 48ms/step - accuracy: 0.9062 - loss: 0.1435
[1m 3/12[0m [32m=====[0m[37m===============[0m [1m0s[0m 28ms/step - accuracy: 0.9323 - loss: 0.1442
[1m 6/12[0m [32m==========[0m[37m==========[0m [1m0s[0m 26ms/step - accuracy: 0.9368 - loss: 0.1508
[1m 8/12[0m [32m=============[0m[37m=======[0m [1m0s[0m 26ms/step - accuracy: 0.9354 - loss: 0.1536
[1m10/12[0m [32m================[0m[37m====[0m [1m0s[0m 26ms/step - accuracy: 0.9348 - loss: 0.1567
[1m12/12[0m [32m====================[0m[37m[0m [1m0s[0m 32ms/step - accuracy: 0.9344 - loss: 0.1695 - val_accuracy: 0.9348 - val_loss: 0.1487 - learning_rate: 0.0010
Epoch 5/100

[1m 1/12[0m [32m=[0m[37m===================[0m [1m0s[0m 49ms/step - accuracy: 0.9375 - loss: 0.2611
[1m 3/12[0m [32m=====[0m[37m===============[0m [1m0s[0m 27ms/step - accuracy: 0.9306 - loss: 0.2200
[1m 5/12[0m [32m========[0m[37m============[0m [1m0s[0m 27ms/step - accuracy: 0.9227 - loss: 0.2111
[1m 7/12[0m [32m===========[0m[37m=========[0m [1m0s[0m 27ms/step - accuracy: 0.9186 - loss: 0.2070
[1m 9/12[0m [32m===============[0m[37m=====[0m [1m0s[0m 27ms/step - accuracy: 0.9179 - loss: 0.2019
[1m11/12[0m [32m==================[0m[37m==[0m [1m0s[0m 26ms/step - accuracy: 0.9163 - loss: 0.2000
[1m12/12[0m [32m====================[0m[37m[0m [1m0s[0m 32ms/step - accuracy: 0.9126 - loss: 0.1849 - val_accuracy: 0.9348 - val_loss: 0.1673 - learning_rate: 0.0010
Epoch 6/100

[1m 1/12[0m [32m=[0m[37m===================[0m [1m0s[0m 51ms/step - accuracy: 0.9688 - loss: 0.0600
[1m 3/12[0m [32m=====[0m[37m===============[0m [1m0s[0m 26ms/step - accuracy: 0.9601 - loss: 0.0996
[1m 6/12[0m [32m==========[0m[37m==========[0m [1m0s[0m 26ms/step - accuracy: 0.9539 - loss: 0.1177
[1m 8/12[0m [32m=============[0m[37m=======[0m [1m0s[0m 26ms/step - accuracy: 0.9525 - loss: 0.1241
[1m10/12[0m [32m================[0m[37m====[0m [1m0s[0m 26ms/step - accuracy: 0.9514 - loss: 0.1287
[1m12/12[0m [32m====================[0m[37m[0m [1m0s[0m 31ms/step - accuracy: 0.9481 - loss: 0.1413 - val_accuracy: 0.9348 - val_loss: 0.1750 - learning_rate: 0.0010
Epoch 7/100

[1m 1/12[0m [32m=[0m[37m===================[0m [1m0s[0m 49ms/step - accuracy: 1.0000 - loss: 0.0198
[1m 3/12[0m [32m=====[0m[37m===============[0m [1m0s[0m 26ms/step - accuracy: 0.9792 - loss: 0.0693
[1m 5/12[0m [32m========[0m[37m============[0m [1m0s[0m 26ms/step - accuracy: 0.9766 - loss: 0.0735
[1m 7/12[0m [32m===========[0m[37m=========[0m [1m0s[0m 26ms/step - accuracy: 0.9750 - loss: 0.0762
[1m 9/12[0m [32m===============[0m[37m=====[0m [1m0s[0m 26ms/step - accuracy: 0.9748 - loss: 0.0756
[1m11/12[0m [32m==================[0m[37m==[0m [1m0s[0m 26ms/step - accuracy: 0.9745 - loss: 0.0764
[1m12/12[0m [32m====================[0m[37m[0m [1m0s[0m 32ms/step - accuracy: 0.9727 - loss: 0.0821 - val_accuracy: 0.9348 - val_loss: 0.1784 - learning_rate: 5.0000e-04
Epoch 8/100

[1m 1/12[0m [32m=[0m[37m===================[0m [1m0s[0m 46ms/step - accuracy: 0.9688 - loss: 0.0464
[1m 3/12[0m [32m=====[0m[37m===============[0m [1m0s[0m 27ms/step - accuracy: 0.9601 - loss: 0.0617
[1m 5/12[0m [32m========[0m[37m============[0m [1m0s[0m 26ms/step - accuracy: 0.9635 - loss: 0.0674
[1m 7/12[0m [32m===========[0m[37m=========[0m [1m0s[0m 26ms/step - accuracy: 0.9670 - loss: 0.0681
[1m 9/12[0m [32m===============[0m[37m=====[0m [1m0s[0m 26ms/step - accuracy: 0.9686 - loss: 0.0699
[1m11/12[0m [32m==================[0m[37m==[0m [1m0s[0m 26ms/step - accuracy: 0.9695 - loss: 0.0712
[1m12/12[0m [32m====================[0m[37m[0m [1m0s[0m 32ms/step - accuracy: 0.9754 - loss: 0.0743 - val_accuracy: 0.9348 - val_loss: 0.1758 - learning_rate: 5.0000e-04
Epoch 9/100

[1m 1/12[0m [32m=[0m[37m===================[0m [1m0s[0m 50ms/step - accuracy: 1.0000 - loss: 0.0479
[1m 3/12[0m [32m=====[0m[37m===============[0m [1m0s[0m 26ms/step - accuracy: 0.9965 - loss: 0.0438
[1m 5/12[0m [32m========[0m[37m============[0m [1m0s[0m 26ms/step - accuracy: 0.9910 - loss: 0.0557
[1m 7/12[0m [32m===========[0m[37m=========[0m [1m0s[0m 27ms/step - accuracy: 0.9895 - loss: 0.0590
[1m10/12[0m [32m================[0m[37m====[0m [1m0s[0m 26ms/step - accuracy: 0.9867 - loss: 0.0625
[1m12/12[0m [32m====================[0m[37m[0m [1m0s[0m 32ms/step - accuracy: 0.9836 - loss: 0.0677 - val_accuracy: 0.9348 - val_loss: 0.1722 - learning_rate: 5.0000e-04
Epoch 10/100

[1m 1/12[0m [32m=[0m[37m===================[0m [1m0s[0m 48ms/step - accuracy: 0.9688 - loss: 0.1255
[1m 3/12[0m [32m=====[0m[37m===============[0m [1m0s[0m 26ms/step - accuracy: 0.9601 - loss: 0.1205
[1m 5/12[0m [32m========[0m[37m============[0m [1m0s[0m 26ms/step - accuracy: 0.9620 - loss: 0.1082
[1m 7/12[0m [32m===========[0m[37m=========[0m [1m0s[0m 26ms/step - accuracy: 0.9646 - loss: 0.0981
[1m10/12[0m [32m================[0m[37m====[0m [1m0s[0m 26ms/step - accuracy: 0.9665 - loss: 0.0934
[1m12/12[0m [32m====================[0m[37m[0m [1m0s[0m 37ms/step - accuracy: 0.9672 - loss: 0.0816 - val_accuracy: 0.9348 - val_loss: 0.1764 - learning_rate: 5.0000e-04
Epoch 11/100

[1m 1/12[0m [32m=[0m[37m===================[0m [1m0s[0m 55ms/step - accuracy: 0.9688 - loss: 0.0517
[1m 3/12[0m [32m=====[0m[37m===============[0m [1m0s[0m 25ms/step - accuracy: 0.9635 - loss: 0.0786
[1m 5/12[0m [32m========[0m[37m============[0m [1m0s[0m 26ms/step - accuracy: 0.9697 - loss: 0.0717
[1m 7/12[0m [32m===========[0m[37m=========[0m [1m0s[0m 26ms/step - accuracy: 0.9729 - loss: 0.0683
[1m 9/12[0m [32m===============[0m[37m=====[0m [1m0s[0m 26ms/step - accuracy: 0.9736 - loss: 0.0679
[1m11/12[0m [32m==================[0m[37m==[0m [1m0s[0m 26ms/step - accuracy: 0.9746 - loss: 0.0663
[1m12/12[0m [32m====================[0m[37m[0m [1m0s[0m 32ms/step - accuracy: 0.9809 - loss: 0.0568 - val_accuracy: 0.9348 - val_loss: 0.1807 - learning_rate: 5.0000e-04
{"success": true, "error": null, "model_path": "files/2a9ceb83-78fc-468a-a9af-3b1b54ddeb3f.keras"}
