Epoch 1/100

[1m 1/13[0m [32m=[0m[37m===================[0m [1m0s[0m 45ms/step - accuracy: 0.8438 - loss: 0.3003
[1m 3/13[0m [32m====[0m[37m================[0m [1m0s[0m 29ms/step - accuracy: 0.8264 - loss: 0.4311
[1m 5/13[0m [32m=======[0m[37m=============[0m [1m0s[0m 28ms/step - accuracy: 0.8346 - loss: 0.4230
[1m 7/13[0m [32m==========[0m[37m==========[0m [1m0s[0m 27ms/step - accuracy: 0.8434 - loss: 0.4073
[1m 9/13[0m [32m=============[0m[37m=======[0m [1m0s[0m 27ms/step - accuracy: 0.8516 - loss: 0.3894
[1m11/13[0m [32m================[0m[37m====[0m [1m0s[0m 27ms/step - accuracy: 0.8559 - loss: 0.3782
[1m13/13[0m [32m====================[0m[37m[0m [1m1s[0m 58ms/step - accuracy: 0.8728 - loss: 0.3248 - val_accuracy: 0.9406 - val_loss: 0.1094 - learning_rate: 0.0010
Epoch 2/100

[1m 1/13[0m [32m=[0m[37m===================[0m [1m0s[0m 47ms/step - accuracy: 0.9688 - loss: 0.2516
[1m 3/13[0m [32m====[0m[37m================[0m [1m0s[0m 26ms/step - accuracy: 0.9358 - loss: 0.2474
[1m 6/13[0m [32m=========[0m[37m===========[0m [1m0s[0m 25ms/step - accuracy: 0.9046 - loss: 0.2725
[1m 8/13[0m [32m============[0m[37m========[0m [1m0s[0m 26ms/step - accuracy: 0.8920 - loss: 0.2891
[1m10/13[0m [32m===============[0m[37m=====[0m [1m0s[0m 26ms/step - accuracy: 0.8876 - loss: 0.2939
[1m12/13[0m [32m==================[0m[37m==[0m [1m0s[0m 26ms/step - accuracy: 0.8850 - loss: 0.2962
[1m13/13[0m [32m====================[0m[37m[0m [1m0s[0m 31ms/step - accuracy: 0.8678 - loss: 0.3159 - val_accuracy: 0.9505 - val_loss: 0.1159 - learning_rate: 0.0010
Epoch 3/100

[1m 1/13[0m [32m=[0m[37m===================[0m [1m0s[0m 45ms/step - accuracy: 0.9688 - loss: 0.1169
[1m 3/13[0m [32m====[0m[37m================[0m [1m0s[0m 27ms/step - accuracy: 0.9358 - loss: 0.1376
[1m 6/13[0m [32m=========[0m[37m===========[0m [1m0s[0m 26ms/step - accuracy: 0.9243 - loss: 0.1689
[1m 8/13[0m [32m============[0m[37m========[0m [1m0s[0m 26ms/step - accuracy: 0.9209 - loss: 0.1785
[1m10/13[0m [32m===============[0m[37m=====[0m [1m0s[0m 26ms/step - accuracy: 0.9186 - loss: 0.1834
[1m12/13[0m [32m==================[0m[37m==[0m [1m0s[0m 26ms/step - accuracy: 0.9177 - loss: 0.1851
[1m13/13[0m [32m====================[0m[37m[0m [1m0s[0m 31ms/step - accuracy: 0.9127 - loss: 0.1954 - val_accuracy: 0.9604 - val_loss: 0.1411 - learning_rate: 0.0010
Epoch 4/100

[1m 1/13[0m [32m=[0m[37m===================[0m [1m0s[0m 48ms/step - accuracy: 0.9688 - loss: 0.0802
[1m 4/13[0m [32m======[0m[37m==============[0m [1m0s[0m 25ms/step - accuracy: 0.9629 - loss: 0.1048
[1m 6/13[0m [32m=========[0m[37m===========[0m [1m0s[0m 25ms/step - accuracy: 0.9572 - loss: 0.1178
[1m 8/13[0m [32m============[0m[37m========[0m [1m0s[0m 25ms/step - accuracy: 0.9543 - loss: 0.1269
[1m10/13[0m [32m===============[0m[37m=====[0m [1m0s[0m 26ms/step - accuracy: 0.9539 - loss: 0.1302
[1m12/13[0m [32m==================[0m[37m==[0m [1m0s[0m 26ms/step - accuracy: 0.9530 - loss: 0.1322
[1m13/13[0m [32m====================[0m[37m[0m [1m0s[0m 31ms/step - accuracy: 0.9476 - loss: 0.1482 - val_accuracy: 0.9604 - val_loss: 0.1511 - learning_rate: 0.0010
Epoch 5/100

[1m 1/13[0m [32m=[0m[37m===================[0m [1m0s[0m 47ms/step - accuracy: 0.8750 - loss: 0.3255
[1m 3/13[0m [32m====[0m[37m================[0m [1m0s[0m 26ms/step - accuracy: 0.8819 - loss: 0.3058
[1m 5/13[0m [32m=======[0m[37m=============[0m [1m0s[0m 26ms/step - accuracy: 0.8998 - loss: 0.2648
[1m 7/13[0m [32m==========[0m[37m==========[0m [1m0s[0m 26ms/step - accuracy: 0.9106 - loss: 0.2411
[1m 9/13[0m [32m=============[0m[37m=======[0m [1m0s[0m 26ms/step - accuracy: 0.9170 - loss: 0.2250
[1m11/13[0m [32m================[0m[37m====[0m [1m0s[0m 26ms/step - accuracy: 0.9218 - loss: 0.2133
[1m13/13[0m [32m====================[0m[37m[0m [1m0s[0m 32ms/step - accuracy: 0.9501 - loss: 0.1509 - val_accuracy: 0.9505 - val_loss: 0.1563 - learning_rate: 0.0010
Epoch 6/100

[1m 1/13[0m [32m=[0m[37m===================[0m [1m0s[0m 48ms/step - accuracy: 0.9688 - loss: 0.1262
[1m 3/13[0m [32m====[0m[37m================[0m [1m0s[0m 27ms/step - accuracy: 0.9705 - loss: 0.1119
[1m 5/13[0m [32m=======[0m[37m=============[0m [1m0s[0m 26ms/step - accuracy: 0.9698 - loss: 0.1123
[1m 7/13[0m [32m==========[0m[37m==========[0m [1m0s[0m 26ms/step - accuracy: 0.9661 - loss: 0.1226
[1m 9/13[0m [32m=============[0m[37m=======[0m [1m0s[0m 26ms/step - accuracy: 0.9646 - loss: 0.1235
[1m11/13[0m [32m================[0m[37m====[0m [1m0s[0m 26ms/step - accuracy: 0.9643 - loss: 0.1221
[1m13/13[0m [32m====================[0m[37m[0m [1m0s[0m 32ms/step - accuracy: 0.9651 - loss: 0.1092 - val_accuracy: 0.9406 - val_loss: 0.1724 - learning_rate: 0.0010
Epoch 7/100

[1m 1/13[0m [32m=[0m[37m===================[0m [1m0s[0m 49ms/step - accuracy: 0.8750 - loss: 0.2199
[1m 3/13[0m [32m====[0m[37m================[0m [1m0s[0m 25ms/step - accuracy: 0.9045 - loss: 0.1782
[1m 5/13[0m [32m=======[0m[37m=============[0m [1m0s[0m 25ms/step - accuracy: 0.9165 - loss: 0.1607
[1m 7/13[0m [32m==========[0m[37m==========[0m [1m0s[0m 26ms/step - accuracy: 0.9245 - loss: 0.1479
[1m10/13[0m [32m===============[0m[37m=====[0m [1m0s[0m 25ms/step - accuracy: 0.9294 - loss: 0.1406
[1m12/13[0m [32m==================[0m[37m==[0m [1m0s[0m 26ms/step - accuracy: 0.9312 - loss: 0.1385
[1m13/13[0m [32m====================[0m[37m[0m [1m0s[0m 31ms/step - accuracy: 0.9451 - loss: 0.1200 - val_accuracy: 0.9208 - val_loss: 0.1794 - learning_rate: 5.0000e-04
Epoch 8/100

[1m 1/13[0m [32m=[0m[37m===================[0m [1m0s[0m 47ms/step - accuracy: 0.9688 - loss: 0.1115
[1m 3/13[0m [32m====[0m[37m================[0m [1m0s[0m 26ms/step - accuracy: 0.9809 - loss: 0.0866
[1m 5/13[0m [32m=======[0m[37m=============[0m [1m0s[0m 26ms/step - accuracy: 0.9801 - loss: 0.0814
[1m 7/13[0m [32m==========[0m[37m==========[0m [1m0s[0m 26ms/step - accuracy: 0.9804 - loss: 0.0800
[1m 9/13[0m [32m=============[0m[37m=======[0m [1m0s[0m 26ms/step - accuracy: 0.9774 - loss: 0.0835
[1m11/13[0m [32m================[0m[37m====[0m [1m0s[0m 26ms/step - accuracy: 0.9755 - loss: 0.0854
[1m13/13[0m [32m====================[0m[37m[0m [1m0s[0m 33ms/step - accuracy: 0.9726 - loss: 0.0842 - val_accuracy: 0.9307 - val_loss: 0.1663 - learning_rate: 5.0000e-04
Epoch 9/100

[1m 1/13[0m [32m=[0m[37m===================[0m [1m0s[0m 58ms/step - accuracy: 0.9062 - loss: 0.2560
[1m 3/13[0m [32m====[0m[37m================[0m [1m0s[0m 26ms/step - accuracy: 0.9306 - loss: 0.1905
[1m 5/13[0m [32m=======[0m[37m=============[0m [1m0s[0m 25ms/step - accuracy: 0.9374 - loss: 0.1710
[1m 7/13[0m [32m==========[0m[37m==========[0m [1m0s[0m 26ms/step - accuracy: 0.9430 - loss: 0.1561
[1m 9/13[0m [32m=============[0m[37m=======[0m [1m0s[0m 26ms/step - accuracy: 0.9466 - loss: 0.1475
[1m11/13[0m [32m================[0m[37m====[0m [1m0s[0m 26ms/step - accuracy: 0.9496 - loss: 0.1400
[1m13/13[0m [32m====================[0m[37m[0m [1m0s[0m 32ms/step - accuracy: 0.9651 - loss: 0.1012 - val_accuracy: 0.9406 - val_loss: 0.1521 - learning_rate: 5.0000e-04
Epoch 10/100

[1m 1/13[0m [32m=[0m[37m===================[0m [1m0s[0m 48ms/step - accuracy: 1.0000 - loss: 0.0621
[1m 3/13[0m [32m====[0m[37m================[0m [1m0s[0m 26ms/step - accuracy: 0.9635 - loss: 0.0852
[1m 5/13[0m [32m=======[0m[37m=============[0m [1m0s[0m 26ms/step - accuracy: 0.9556 - loss: 0.0862
[1m 7/13[0m [32m==========[0m[37m==========[0m [1m0s[0m 26ms/step - accuracy: 0.9572 - loss: 0.0823
[1m 9/13[0m [32m=============[0m[37m=======[0m [1m0s[0m 26ms/step - accuracy: 0.9594 - loss: 0.0792
[1m11/13[0m [32m================[0m[37m====[0m [1m0s[0m 26ms/step - accuracy: 0.9598 - loss: 0.0779
[1m13/13[0m [32m====================[0m[37m[0m [1m0s[0m 31ms/step - accuracy: 0.9576 - loss: 0.0820 - val_accuracy: 0.9406 - val_loss: 0.1607 - learning_rate: 5.0000e-04
Epoch 11/100

[1m 1/13[0m [32m=[0m[37m===================[0m [1m0s[0m 48ms/step - accuracy: 1.0000 - loss: 0.0221
[1m 3/13[0m [32m====[0m[37m================[0m [1m0s[0m 26ms/step - accuracy: 0.9878 - loss: 0.0400
[1m 5/13[0m [32m=======[0m[37m=============[0m [1m0s[0m 26ms/step - accuracy: 0.9871 - loss: 0.0458
[1m 7/13[0m [32m==========[0m[37m==========[0m [1m0s[0m 26ms/step - accuracy: 0.9846 - loss: 0.0524
[1m 9/13[0m [32m=============[0m[37m=======[0m [1m0s[0m 26ms/step - accuracy: 0.9831 - loss: 0.0585
[1m11/13[0m [32m================[0m[37m====[0m [1m0s[0m 26ms/step - accuracy: 0.9824 - loss: 0.0608
[1m13/13[0m [32m====================[0m[37m[0m [1m0s[0m 32ms/step - accuracy: 0.9776 - loss: 0.0718 - val_accuracy: 0.9505 - val_loss: 0.1524 - learning_rate: 5.0000e-04
{"success": true, "error": null, "model_path": "files/08494dc3-3752-483f-a503-e0fd35e80e26.keras"}
