Epoch 1/100

[1m 1/13[0m [32m=[0m[37m===================[0m [1m0s[0m 49ms/step - accuracy: 0.8750 - loss: 0.3217
[1m 3/13[0m [32m====[0m[37m================[0m [1m0s[0m 31ms/step - accuracy: 0.8628 - loss: 0.3404
[1m 5/13[0m [32m=======[0m[37m=============[0m [1m0s[0m 30ms/step - accuracy: 0.8605 - loss: 0.3507
[1m 7/13[0m [32m==========[0m[37m==========[0m [1m0s[0m 29ms/step - accuracy: 0.8654 - loss: 0.3430
[1m10/13[0m [32m===============[0m[37m=====[0m [1m0s[0m 28ms/step - accuracy: 0.8640 - loss: 0.3549
[1m12/13[0m [32m==================[0m[37m==[0m [1m0s[0m 28ms/step - accuracy: 0.8627 - loss: 0.3597
[1m13/13[0m [32m====================[0m[37m[0m [1m1s[0m 59ms/step - accuracy: 0.8597 - loss: 0.3710 - val_accuracy: 0.8980 - val_loss: 0.2476 - learning_rate: 0.0010
Epoch 2/100

[1m 1/13[0m [32m=[0m[37m===================[0m [1m0s[0m 49ms/step - accuracy: 0.7500 - loss: 0.4394
[1m 3/13[0m [32m====[0m[37m================[0m [1m0s[0m 27ms/step - accuracy: 0.7812 - loss: 0.4345
[1m 5/13[0m [32m=======[0m[37m=============[0m [1m0s[0m 27ms/step - accuracy: 0.8044 - loss: 0.4063
[1m 7/13[0m [32m==========[0m[37m==========[0m [1m0s[0m 27ms/step - accuracy: 0.8197 - loss: 0.3858
[1m 9/13[0m [32m=============[0m[37m=======[0m [1m0s[0m 26ms/step - accuracy: 0.8315 - loss: 0.3675
[1m11/13[0m [32m================[0m[37m====[0m [1m0s[0m 26ms/step - accuracy: 0.8397 - loss: 0.3559
[1m13/13[0m [32m====================[0m[37m[0m [1m0s[0m 31ms/step - accuracy: 0.8750 - loss: 0.2978 - val_accuracy: 0.9082 - val_loss: 0.2501 - learning_rate: 0.0010
Epoch 3/100

[1m 1/13[0m [32m=[0m[37m===================[0m [1m0s[0m 48ms/step - accuracy: 0.9062 - loss: 0.3539
[1m 3/13[0m [32m====[0m[37m================[0m [1m0s[0m 27ms/step - accuracy: 0.9045 - loss: 0.3250
[1m 5/13[0m [32m=======[0m[37m=============[0m [1m0s[0m 26ms/step - accuracy: 0.8971 - loss: 0.3151
[1m 7/13[0m [32m==========[0m[37m==========[0m [1m0s[0m 26ms/step - accuracy: 0.8955 - loss: 0.3050
[1m 9/13[0m [32m=============[0m[37m=======[0m [1m0s[0m 27ms/step - accuracy: 0.8938 - loss: 0.2989
[1m11/13[0m [32m================[0m[37m====[0m [1m0s[0m 29ms/step - accuracy: 0.8939 - loss: 0.2915
[1m13/13[0m [32m====================[0m[37m[0m [1m0s[0m 34ms/step - accuracy: 0.8980 - loss: 0.2457 - val_accuracy: 0.9082 - val_loss: 0.2323 - learning_rate: 0.0010
Epoch 4/100

[1m 1/13[0m [32m=[0m[37m===================[0m [1m0s[0m 51ms/step - accuracy: 0.9375 - loss: 0.1714
[1m 3/13[0m [32m====[0m[37m================[0m [1m0s[0m 27ms/step - accuracy: 0.9149 - loss: 0.2107
[1m 5/13[0m [32m=======[0m[37m=============[0m [1m0s[0m 26ms/step - accuracy: 0.9030 - loss: 0.2359
[1m 7/13[0m [32m==========[0m[37m==========[0m [1m0s[0m 26ms/step - accuracy: 0.9032 - loss: 0.2355
[1m 9/13[0m [32m=============[0m[37m=======[0m [1m0s[0m 26ms/step - accuracy: 0.9034 - loss: 0.2336
[1m11/13[0m [32m================[0m[37m====[0m [1m0s[0m 26ms/step - accuracy: 0.9040 - loss: 0.2329
[1m13/13[0m [32m====================[0m[37m[0m [1m0s[0m 32ms/step - accuracy: 0.9107 - loss: 0.2239 - val_accuracy: 0.9184 - val_loss: 0.1868 - learning_rate: 0.0010
Epoch 5/100

[1m 1/13[0m [32m=[0m[37m===================[0m [1m0s[0m 54ms/step - accuracy: 0.9375 - loss: 0.1249
[1m 3/13[0m [32m====[0m[37m================[0m [1m0s[0m 28ms/step - accuracy: 0.9080 - loss: 0.1604
[1m 5/13[0m [32m=======[0m[37m=============[0m [1m0s[0m 27ms/step - accuracy: 0.9045 - loss: 0.1800
[1m 7/13[0m [32m==========[0m[37m==========[0m [1m0s[0m 27ms/step - accuracy: 0.9036 - loss: 0.1885
[1m 9/13[0m [32m=============[0m[37m=======[0m [1m0s[0m 27ms/step - accuracy: 0.9053 - loss: 0.1908
[1m11/13[0m [32m================[0m[37m====[0m [1m0s[0m 27ms/step - accuracy: 0.9069 - loss: 0.1924
[1m13/13[0m [32m====================[0m[37m[0m [1m0s[0m 32ms/step - accuracy: 0.9107 - loss: 0.2015 - val_accuracy: 0.9082 - val_loss: 0.1889 - learning_rate: 0.0010
Epoch 6/100

[1m 1/13[0m [32m=[0m[37m===================[0m [1m0s[0m 52ms/step - accuracy: 0.9375 - loss: 0.1814
[1m 3/13[0m [32m====[0m[37m================[0m [1m0s[0m 28ms/step - accuracy: 0.9375 - loss: 0.2074
[1m 5/13[0m [32m=======[0m[37m=============[0m [1m0s[0m 27ms/step - accuracy: 0.9362 - loss: 0.2035
[1m 7/13[0m [32m==========[0m[37m==========[0m [1m0s[0m 27ms/step - accuracy: 0.9351 - loss: 0.1940
[1m 9/13[0m [32m=============[0m[37m=======[0m [1m0s[0m 27ms/step - accuracy: 0.9360 - loss: 0.1858
[1m11/13[0m [32m================[0m[37m====[0m [1m0s[0m 27ms/step - accuracy: 0.9366 - loss: 0.1805
[1m13/13[0m [32m====================[0m[37m[0m [1m0s[0m 32ms/step - accuracy: 0.9439 - loss: 0.1501 - val_accuracy: 0.9286 - val_loss: 0.1925 - learning_rate: 0.0010
Epoch 7/100

[1m 1/13[0m [32m=[0m[37m===================[0m [1m0s[0m 57ms/step - accuracy: 0.9375 - loss: 0.1413
[1m 3/13[0m [32m====[0m[37m================[0m [1m0s[0m 29ms/step - accuracy: 0.9444 - loss: 0.1433
[1m 5/13[0m [32m=======[0m[37m=============[0m [1m0s[0m 29ms/step - accuracy: 0.9442 - loss: 0.1416
[1m 7/13[0m [32m==========[0m[37m==========[0m [1m0s[0m 29ms/step - accuracy: 0.9463 - loss: 0.1401
[1m 9/13[0m [32m=============[0m[37m=======[0m [1m0s[0m 28ms/step - accuracy: 0.9488 - loss: 0.1356
[1m11/13[0m [32m================[0m[37m====[0m [1m0s[0m 28ms/step - accuracy: 0.9495 - loss: 0.1343
[1m13/13[0m [32m====================[0m[37m[0m [1m0s[0m 34ms/step - accuracy: 0.9515 - loss: 0.1285 - val_accuracy: 0.8980 - val_loss: 0.2333 - learning_rate: 0.0010
Epoch 8/100

[1m 1/13[0m [32m=[0m[37m===================[0m [1m0s[0m 60ms/step - accuracy: 1.0000 - loss: 0.0507
[1m 3/13[0m [32m====[0m[37m================[0m [1m0s[0m 26ms/step - accuracy: 0.9809 - loss: 0.0641
[1m 5/13[0m [32m=======[0m[37m=============[0m [1m0s[0m 26ms/step - accuracy: 0.9760 - loss: 0.0706
[1m 7/13[0m [32m==========[0m[37m==========[0m [1m0s[0m 27ms/step - accuracy: 0.9685 - loss: 0.0826
[1m 9/13[0m [32m=============[0m[37m=======[0m [1m0s[0m 27ms/step - accuracy: 0.9645 - loss: 0.0898
[1m11/13[0m [32m================[0m[37m====[0m [1m0s[0m 27ms/step - accuracy: 0.9620 - loss: 0.0938
[1m13/13[0m [32m====================[0m[37m[0m [1m0s[0m 34ms/step - accuracy: 0.9541 - loss: 0.1165 - val_accuracy: 0.9184 - val_loss: 0.2337 - learning_rate: 0.0010
Epoch 9/100

[1m 1/13[0m [32m=[0m[37m===================[0m [1m0s[0m 52ms/step - accuracy: 1.0000 - loss: 0.0196
[1m 3/13[0m [32m====[0m[37m================[0m [1m0s[0m 27ms/step - accuracy: 0.9913 - loss: 0.0956
[1m 5/13[0m [32m=======[0m[37m=============[0m [1m0s[0m 27ms/step - accuracy: 0.9864 - loss: 0.1049
[1m 7/13[0m [32m==========[0m[37m==========[0m [1m0s[0m 27ms/step - accuracy: 0.9827 - loss: 0.1039
[1m 9/13[0m [32m=============[0m[37m=======[0m [1m0s[0m 27ms/step - accuracy: 0.9808 - loss: 0.1028
[1m11/13[0m [32m================[0m[37m====[0m [1m0s[0m 27ms/step - accuracy: 0.9781 - loss: 0.1038
[1m13/13[0m [32m====================[0m[37m[0m [1m0s[0m 34ms/step - accuracy: 0.9617 - loss: 0.1095 - val_accuracy: 0.9082 - val_loss: 0.2383 - learning_rate: 0.0010
Epoch 10/100

[1m 1/13[0m [32m=[0m[37m===================[0m [1m0s[0m 56ms/step - accuracy: 0.9688 - loss: 0.0612
[1m 3/13[0m [32m====[0m[37m================[0m [1m0s[0m 26ms/step - accuracy: 0.9705 - loss: 0.0668
[1m 6/13[0m [32m=========[0m[37m===========[0m [1m0s[0m 26ms/step - accuracy: 0.9607 - loss: 0.0784
[1m 8/13[0m [32m============[0m[37m========[0m [1m0s[0m 26ms/step - accuracy: 0.9585 - loss: 0.0810
[1m10/13[0m [32m===============[0m[37m=====[0m [1m0s[0m 26ms/step - accuracy: 0.9573 - loss: 0.0842
[1m12/13[0m [32m==================[0m[37m==[0m [1m0s[0m 27ms/step - accuracy: 0.9565 - loss: 0.0871
[1m13/13[0m [32m====================[0m[37m[0m [1m0s[0m 32ms/step - accuracy: 0.9515 - loss: 0.1031 - val_accuracy: 0.8878 - val_loss: 0.2418 - learning_rate: 5.0000e-04
Epoch 11/100

[1m 1/13[0m [32m=[0m[37m===================[0m [1m0s[0m 55ms/step - accuracy: 0.9688 - loss: 0.1420
[1m 3/13[0m [32m====[0m[37m================[0m [1m0s[0m 26ms/step - accuracy: 0.9635 - loss: 0.1434
[1m 5/13[0m [32m=======[0m[37m=============[0m [1m0s[0m 27ms/step - accuracy: 0.9644 - loss: 0.1353
[1m 7/13[0m [32m==========[0m[37m==========[0m [1m0s[0m 27ms/step - accuracy: 0.9649 - loss: 0.1278
[1m 9/13[0m [32m=============[0m[37m=======[0m [1m0s[0m 27ms/step - accuracy: 0.9650 - loss: 0.1249
[1m11/13[0m [32m================[0m[37m====[0m [1m0s[0m 27ms/step - accuracy: 0.9649 - loss: 0.1226
[1m13/13[0m [32m====================[0m[37m[0m [1m0s[0m 32ms/step - accuracy: 0.9617 - loss: 0.1092 - val_accuracy: 0.8980 - val_loss: 0.2366 - learning_rate: 5.0000e-04
Epoch 12/100

[1m 1/13[0m [32m=[0m[37m===================[0m [1m0s[0m 50ms/step - accuracy: 1.0000 - loss: 0.0510
[1m 3/13[0m [32m====[0m[37m================[0m [1m0s[0m 28ms/step - accuracy: 0.9792 - loss: 0.0821
[1m 5/13[0m [32m=======[0m[37m=============[0m [1m0s[0m 26ms/step - accuracy: 0.9762 - loss: 0.0895
[1m 7/13[0m [32m==========[0m[37m==========[0m [1m0s[0m 26ms/step - accuracy: 0.9735 - loss: 0.0931
[1m 9/13[0m [32m=============[0m[37m=======[0m [1m0s[0m 26ms/step - accuracy: 0.9728 - loss: 0.0925
[1m11/13[0m [32m================[0m[37m====[0m [1m0s[0m 26ms/step - accuracy: 0.9729 - loss: 0.0909
[1m13/13[0m [32m====================[0m[37m[0m [1m0s[0m 32ms/step - accuracy: 0.9745 - loss: 0.0804 - val_accuracy: 0.9184 - val_loss: 0.2347 - learning_rate: 5.0000e-04
Epoch 13/100

[1m 1/13[0m [32m=[0m[37m===================[0m [1m0s[0m 50ms/step - accuracy: 1.0000 - loss: 0.0191
[1m 3/13[0m [32m====[0m[37m================[0m [1m0s[0m 26ms/step - accuracy: 0.9913 - loss: 0.0302
[1m 5/13[0m [32m=======[0m[37m=============[0m [1m0s[0m 26ms/step - accuracy: 0.9892 - loss: 0.0308
[1m 7/13[0m [32m==========[0m[37m==========[0m [1m0s[0m 26ms/step - accuracy: 0.9854 - loss: 0.0339
[1m 9/13[0m [32m=============[0m[37m=======[0m [1m0s[0m 26ms/step - accuracy: 0.9845 - loss: 0.0350
[1m11/13[0m [32m================[0m[37m====[0m [1m0s[0m 26ms/step - accuracy: 0.9846 - loss: 0.0353
[1m13/13[0m [32m====================[0m[37m[0m [1m0s[0m 31ms/step - accuracy: 0.9821 - loss: 0.0421 - val_accuracy: 0.9184 - val_loss: 0.2324 - learning_rate: 5.0000e-04
Epoch 14/100

[1m 1/13[0m [32m=[0m[37m===================[0m [1m0s[0m 47ms/step - accuracy: 1.0000 - loss: 0.0154
[1m 3/13[0m [32m====[0m[37m================[0m [1m0s[0m 26ms/step - accuracy: 0.9740 - loss: 0.0808
[1m 5/13[0m [32m=======[0m[37m=============[0m [1m0s[0m 26ms/step - accuracy: 0.9691 - loss: 0.0876
[1m 7/13[0m [32m==========[0m[37m==========[0m [1m0s[0m 26ms/step - accuracy: 0.9682 - loss: 0.0875
[1m 9/13[0m [32m=============[0m[37m=======[0m [1m0s[0m 26ms/step - accuracy: 0.9687 - loss: 0.0846
[1m11/13[0m [32m================[0m[37m====[0m [1m0s[0m 26ms/step - accuracy: 0.9701 - loss: 0.0810
[1m13/13[0m [32m====================[0m[37m[0m [1m0s[0m 32ms/step - accuracy: 0.9770 - loss: 0.0664 - val_accuracy: 0.9184 - val_loss: 0.2308 - learning_rate: 5.0000e-04
{"success": true, "error": null, "model_path": "files/8506704d-ee59-4de7-abd9-142b24db5cf9.keras"}
