Epoch 1/100

[1m 1/11[0m [32m=[0m[37m===================[0m [1m0s[0m 51ms/step - accuracy: 0.9062 - loss: 0.1931
[1m 3/11[0m [32m=====[0m[37m===============[0m [1m0s[0m 27ms/step - accuracy: 0.8941 - loss: 0.2218
[1m 5/11[0m [32m=========[0m[37m===========[0m [1m0s[0m 28ms/step - accuracy: 0.8908 - loss: 0.2296
[1m 7/11[0m [32m============[0m[37m========[0m [1m0s[0m 27ms/step - accuracy: 0.8890 - loss: 0.2330
[1m 9/11[0m [32m================[0m[37m====[0m [1m0s[0m 27ms/step - accuracy: 0.8879 - loss: 0.2360
[1m11/11[0m [32m====================[0m[37m[0m [1m0s[0m 27ms/step - accuracy: 0.8885 - loss: 0.2362
[1m11/11[0m [32m====================[0m[37m[0m [1m1s[0m 74ms/step - accuracy: 0.8914 - loss: 0.2374 - val_accuracy: 0.9432 - val_loss: 0.1492 - learning_rate: 0.0010
Epoch 2/100

[1m 1/11[0m [32m=[0m[37m===================[0m [1m0s[0m 58ms/step - accuracy: 0.9375 - loss: 0.1179
[1m 3/11[0m [32m=====[0m[37m===============[0m [1m0s[0m 29ms/step - accuracy: 0.9358 - loss: 0.1222
[1m 5/11[0m [32m=========[0m[37m===========[0m [1m0s[0m 31ms/step - accuracy: 0.9061 - loss: 0.1649
[1m 7/11[0m [32m============[0m[37m========[0m [1m0s[0m 34ms/step - accuracy: 0.8966 - loss: 0.1875
[1m 9/11[0m [32m================[0m[37m====[0m [1m0s[0m 35ms/step - accuracy: 0.8918 - loss: 0.2080
[1m10/11[0m [32m==================[0m[37m==[0m [1m0s[0m 36ms/step - accuracy: 0.8904 - loss: 0.2141
[1m11/11[0m [32m====================[0m[37m[0m [1m1s[0m 52ms/step - accuracy: 0.8857 - loss: 0.2596 - val_accuracy: 0.9545 - val_loss: 0.1401 - learning_rate: 0.0010
Epoch 3/100

[1m 1/11[0m [32m=[0m[37m===================[0m [1m0s[0m 62ms/step - accuracy: 1.0000 - loss: 0.0428
[1m 3/11[0m [32m=====[0m[37m===============[0m [1m0s[0m 27ms/step - accuracy: 0.9809 - loss: 0.0670
[1m 5/11[0m [32m=========[0m[37m===========[0m [1m0s[0m 28ms/step - accuracy: 0.9635 - loss: 0.0985
[1m 7/11[0m [32m============[0m[37m========[0m [1m0s[0m 27ms/step - accuracy: 0.9521 - loss: 0.1187
[1m 9/11[0m [32m================[0m[37m====[0m [1m0s[0m 28ms/step - accuracy: 0.9443 - loss: 0.1353
[1m11/11[0m [32m====================[0m[37m[0m [1m0s[0m 27ms/step - accuracy: 0.9397 - loss: 0.1457
[1m11/11[0m [32m====================[0m[37m[0m [1m0s[0m 36ms/step - accuracy: 0.9229 - loss: 0.1859 - val_accuracy: 0.9318 - val_loss: 0.1385 - learning_rate: 0.0010
Epoch 4/100

[1m 1/11[0m [32m=[0m[37m===================[0m [1m0s[0m 48ms/step - accuracy: 0.9375 - loss: 0.1683
[1m 3/11[0m [32m=====[0m[37m===============[0m [1m0s[0m 27ms/step - accuracy: 0.9340 - loss: 0.1692
[1m 5/11[0m [32m=========[0m[37m===========[0m [1m0s[0m 26ms/step - accuracy: 0.9242 - loss: 0.1852
[1m 7/11[0m [32m============[0m[37m========[0m [1m0s[0m 28ms/step - accuracy: 0.9231 - loss: 0.1868
[1m 9/11[0m [32m================[0m[37m====[0m [1m0s[0m 29ms/step - accuracy: 0.9210 - loss: 0.1898
[1m11/11[0m [32m====================[0m[37m[0m [1m0s[0m 29ms/step - accuracy: 0.9196 - loss: 0.1911
[1m11/11[0m [32m====================[0m[37m[0m [1m0s[0m 39ms/step - accuracy: 0.9143 - loss: 0.1936 - val_accuracy: 0.9318 - val_loss: 0.1434 - learning_rate: 0.0010
Epoch 5/100

[1m 1/11[0m [32m=[0m[37m===================[0m [1m2s[0m 272ms/step - accuracy: 0.9062 - loss: 0.1415
[1m 3/11[0m [32m=====[0m[37m===============[0m [1m0s[0m 26ms/step - accuracy: 0.9306 - loss: 0.1209 
[1m 5/11[0m [32m=========[0m[37m===========[0m [1m0s[0m 27ms/step - accuracy: 0.9402 - loss: 0.1163
[1m 7/11[0m [32m============[0m[37m========[0m [1m0s[0m 27ms/step - accuracy: 0.9442 - loss: 0.1148
[1m 9/11[0m [32m================[0m[37m====[0m [1m0s[0m 28ms/step - accuracy: 0.9464 - loss: 0.1136
[1m11/11[0m [32m====================[0m[37m[0m [1m0s[0m 30ms/step - accuracy: 0.9474 - loss: 0.1125
[1m11/11[0m [32m====================[0m[37m[0m [1m1s[0m 45ms/step - accuracy: 0.9543 - loss: 0.1052 - val_accuracy: 0.9318 - val_loss: 0.1570 - learning_rate: 0.0010
Epoch 6/100

[1m 1/11[0m [32m=[0m[37m===================[0m [1m0s[0m 65ms/step - accuracy: 0.9375 - loss: 0.2054
[1m 3/11[0m [32m=====[0m[37m===============[0m [1m0s[0m 28ms/step - accuracy: 0.9444 - loss: 0.1642
[1m 5/11[0m [32m=========[0m[37m===========[0m [1m0s[0m 27ms/step - accuracy: 0.9385 - loss: 0.1700
[1m 7/11[0m [32m============[0m[37m========[0m [1m0s[0m 28ms/step - accuracy: 0.9382 - loss: 0.1673
[1m 9/11[0m [32m================[0m[37m====[0m [1m0s[0m 28ms/step - accuracy: 0.9401 - loss: 0.1612
[1m11/11[0m [32m====================[0m[37m[0m [1m0s[0m 28ms/step - accuracy: 0.9426 - loss: 0.1558
[1m11/11[0m [32m====================[0m[37m[0m [1m0s[0m 36ms/step - accuracy: 0.9543 - loss: 0.1297 - val_accuracy: 0.9318 - val_loss: 0.1744 - learning_rate: 0.0010
Epoch 7/100

[1m 1/11[0m [32m=[0m[37m===================[0m [1m0s[0m 45ms/step - accuracy: 0.9375 - loss: 0.1164
[1m 3/11[0m [32m=====[0m[37m===============[0m [1m0s[0m 26ms/step - accuracy: 0.9288 - loss: 0.1275
[1m 5/11[0m [32m=========[0m[37m===========[0m [1m0s[0m 26ms/step - accuracy: 0.9376 - loss: 0.1167
[1m 7/11[0m [32m============[0m[37m========[0m [1m0s[0m 27ms/step - accuracy: 0.9451 - loss: 0.1101
[1m 9/11[0m [32m================[0m[37m====[0m [1m0s[0m 27ms/step - accuracy: 0.9504 - loss: 0.1048
[1m11/11[0m [32m====================[0m[37m[0m [1m0s[0m 27ms/step - accuracy: 0.9529 - loss: 0.1023
[1m11/11[0m [32m====================[0m[37m[0m [1m0s[0m 34ms/step - accuracy: 0.9600 - loss: 0.0956 - val_accuracy: 0.9205 - val_loss: 0.1846 - learning_rate: 0.0010
Epoch 8/100

[1m 1/11[0m [32m=[0m[37m===================[0m [1m0s[0m 52ms/step - accuracy: 1.0000 - loss: 0.0517
[1m 3/11[0m [32m=====[0m[37m===============[0m [1m0s[0m 27ms/step - accuracy: 0.9670 - loss: 0.1060
[1m 5/11[0m [32m=========[0m[37m===========[0m [1m0s[0m 28ms/step - accuracy: 0.9633 - loss: 0.1075
[1m 7/11[0m [32m============[0m[37m========[0m [1m0s[0m 28ms/step - accuracy: 0.9635 - loss: 0.1075
[1m 9/11[0m [32m================[0m[37m====[0m [1m0s[0m 28ms/step - accuracy: 0.9635 - loss: 0.1065
[1m11/11[0m [32m====================[0m[37m[0m [1m0s[0m 28ms/step - accuracy: 0.9623 - loss: 0.1091
[1m11/11[0m [32m====================[0m[37m[0m [1m0s[0m 36ms/step - accuracy: 0.9543 - loss: 0.1244 - val_accuracy: 0.9205 - val_loss: 0.1859 - learning_rate: 0.0010
Epoch 9/100

[1m 1/11[0m [32m=[0m[37m===================[0m [1m0s[0m 47ms/step - accuracy: 0.9688 - loss: 0.0760
[1m 3/11[0m [32m=====[0m[37m===============[0m [1m0s[0m 25ms/step - accuracy: 0.9670 - loss: 0.0797
[1m 5/11[0m [32m=========[0m[37m===========[0m [1m0s[0m 26ms/step - accuracy: 0.9568 - loss: 0.1031
[1m 7/11[0m [32m============[0m[37m========[0m [1m0s[0m 26ms/step - accuracy: 0.9553 - loss: 0.1073
[1m 9/11[0m [32m================[0m[37m====[0m [1m0s[0m 27ms/step - accuracy: 0.9550 - loss: 0.1076
[1m11/11[0m [32m====================[0m[37m[0m [1m0s[0m 28ms/step - accuracy: 0.9556 - loss: 0.1071
[1m11/11[0m [32m====================[0m[37m[0m [1m0s[0m 37ms/step - accuracy: 0.9600 - loss: 0.1023 - val_accuracy: 0.9205 - val_loss: 0.1963 - learning_rate: 5.0000e-04
Epoch 10/100

[1m 1/11[0m [32m=[0m[37m===================[0m [1m0s[0m 52ms/step - accuracy: 0.9688 - loss: 0.0929
[1m 3/11[0m [32m=====[0m[37m===============[0m [1m0s[0m 28ms/step - accuracy: 0.9635 - loss: 0.0960
[1m 5/11[0m [32m=========[0m[37m===========[0m [1m0s[0m 28ms/step - accuracy: 0.9616 - loss: 0.0962
[1m 7/11[0m [32m============[0m[37m========[0m [1m0s[0m 29ms/step - accuracy: 0.9609 - loss: 0.0966
[1m 9/11[0m [32m================[0m[37m====[0m [1m0s[0m 29ms/step - accuracy: 0.9605 - loss: 0.0949
[1m11/11[0m [32m====================[0m[37m[0m [1m0s[0m 29ms/step - accuracy: 0.9606 - loss: 0.0937
[1m11/11[0m [32m====================[0m[37m[0m [1m0s[0m 39ms/step - accuracy: 0.9629 - loss: 0.0858 - val_accuracy: 0.9318 - val_loss: 0.2055 - learning_rate: 5.0000e-04
Epoch 11/100

[1m 1/11[0m [32m=[0m[37m===================[0m [1m0s[0m 54ms/step - accuracy: 0.9375 - loss: 0.1154
[1m 3/11[0m [32m=====[0m[37m===============[0m [1m0s[0m 32ms/step - accuracy: 0.9340 - loss: 0.1084
[1m 5/11[0m [32m=========[0m[37m===========[0m [1m0s[0m 31ms/step - accuracy: 0.9407 - loss: 0.1002
[1m 7/11[0m [32m============[0m[37m========[0m [1m0s[0m 31ms/step - accuracy: 0.9425 - loss: 0.1005
[1m 9/11[0m [32m================[0m[37m====[0m [1m0s[0m 30ms/step - accuracy: 0.9455 - loss: 0.0974
[1m11/11[0m [32m====================[0m[37m[0m [1m0s[0m 29ms/step - accuracy: 0.9480 - loss: 0.0942
[1m11/11[0m [32m====================[0m[37m[0m [1m0s[0m 37ms/step - accuracy: 0.9600 - loss: 0.0796 - val_accuracy: 0.9318 - val_loss: 0.2073 - learning_rate: 5.0000e-04
Epoch 12/100

[1m 1/11[0m [32m=[0m[37m===================[0m [1m0s[0m 58ms/step - accuracy: 0.9688 - loss: 0.0644
[1m 3/11[0m [32m=====[0m[37m===============[0m [1m0s[0m 31ms/step - accuracy: 0.9722 - loss: 0.0596
[1m 5/11[0m [32m=========[0m[37m===========[0m [1m0s[0m 30ms/step - accuracy: 0.9752 - loss: 0.0562
[1m 7/11[0m [32m============[0m[37m========[0m [1m0s[0m 29ms/step - accuracy: 0.9700 - loss: 0.0631
[1m 9/11[0m [32m================[0m[37m====[0m [1m0s[0m 29ms/step - accuracy: 0.9668 - loss: 0.0668
[1m11/11[0m [32m====================[0m[37m[0m [1m0s[0m 29ms/step - accuracy: 0.9658 - loss: 0.0689
[1m11/11[0m [32m====================[0m[37m[0m [1m0s[0m 37ms/step - accuracy: 0.9629 - loss: 0.0761 - val_accuracy: 0.9318 - val_loss: 0.1995 - learning_rate: 5.0000e-04
Epoch 13/100

[1m 1/11[0m [32m=[0m[37m===================[0m [1m0s[0m 55ms/step - accuracy: 1.0000 - loss: 0.0444
[1m 3/11[0m [32m=====[0m[37m===============[0m [1m0s[0m 29ms/step - accuracy: 0.9878 - loss: 0.0567
[1m 5/11[0m [32m=========[0m[37m===========[0m [1m0s[0m 29ms/step - accuracy: 0.9815 - loss: 0.0654
[1m 7/11[0m [32m============[0m[37m========[0m [1m0s[0m 29ms/step - accuracy: 0.9800 - loss: 0.0670
[1m 9/11[0m [32m================[0m[37m====[0m [1m0s[0m 29ms/step - accuracy: 0.9791 - loss: 0.0680
[1m11/11[0m [32m====================[0m[37m[0m [1m0s[0m 29ms/step - accuracy: 0.9780 - loss: 0.0685
[1m11/11[0m [32m====================[0m[37m[0m [1m0s[0m 37ms/step - accuracy: 0.9743 - loss: 0.0685 - val_accuracy: 0.9318 - val_loss: 0.1831 - learning_rate: 5.0000e-04
{"success": true, "error": null, "model_path": "files/4e5dcdaf-1fce-40d9-a4c8-c2b43b2406f3.keras"}
