Epoch 1/100

[1m 1/13[0m [32m=[0m[37m===================[0m [1m0s[0m 48ms/step - accuracy: 0.8438 - loss: 0.3260
[1m 3/13[0m [32m====[0m[37m================[0m [1m0s[0m 27ms/step - accuracy: 0.8646 - loss: 0.3069
[1m 5/13[0m [32m=======[0m[37m=============[0m [1m0s[0m 27ms/step - accuracy: 0.8756 - loss: 0.2881
[1m 7/13[0m [32m==========[0m[37m==========[0m [1m0s[0m 26ms/step - accuracy: 0.8756 - loss: 0.2934
[1m 9/13[0m [32m=============[0m[37m=======[0m [1m0s[0m 26ms/step - accuracy: 0.8737 - loss: 0.2932
[1m11/13[0m [32m================[0m[37m====[0m [1m0s[0m 26ms/step - accuracy: 0.8739 - loss: 0.2929
[1m13/13[0m [32m====================[0m[37m[0m [1m0s[0m 26ms/step - accuracy: 0.8746 - loss: 0.2924
[1m13/13[0m [32m====================[0m[37m[0m [1m1s[0m 58ms/step - accuracy: 0.8735 - loss: 0.3010 - val_accuracy: 0.9320 - val_loss: 0.1758 - learning_rate: 0.0010
Epoch 2/100

[1m 1/13[0m [32m=[0m[37m===================[0m [1m0s[0m 51ms/step - accuracy: 0.7812 - loss: 0.5175
[1m 3/13[0m [32m====[0m[37m================[0m [1m0s[0m 29ms/step - accuracy: 0.8247 - loss: 0.4356
[1m 5/13[0m [32m=======[0m[37m=============[0m [1m0s[0m 28ms/step - accuracy: 0.8407 - loss: 0.3860
[1m 7/13[0m [32m==========[0m[37m==========[0m [1m0s[0m 28ms/step - accuracy: 0.8471 - loss: 0.3663
[1m 9/13[0m [32m=============[0m[37m=======[0m [1m0s[0m 27ms/step - accuracy: 0.8545 - loss: 0.3497
[1m11/13[0m [32m================[0m[37m====[0m [1m0s[0m 27ms/step - accuracy: 0.8585 - loss: 0.3388
[1m13/13[0m [32m====================[0m[37m[0m [1m0s[0m 33ms/step - accuracy: 0.8856 - loss: 0.2694 - val_accuracy: 0.9320 - val_loss: 0.1849 - learning_rate: 0.0010
Epoch 3/100

[1m 1/13[0m [32m=[0m[37m===================[0m [1m0s[0m 50ms/step - accuracy: 0.9375 - loss: 0.1293
[1m 3/13[0m [32m====[0m[37m================[0m [1m0s[0m 28ms/step - accuracy: 0.9219 - loss: 0.1501
[1m 5/13[0m [32m=======[0m[37m=============[0m [1m0s[0m 27ms/step - accuracy: 0.9087 - loss: 0.1677
[1m 7/13[0m [32m==========[0m[37m==========[0m [1m0s[0m 26ms/step - accuracy: 0.9073 - loss: 0.1715
[1m 9/13[0m [32m=============[0m[37m=======[0m [1m0s[0m 26ms/step - accuracy: 0.9066 - loss: 0.1773
[1m11/13[0m [32m================[0m[37m====[0m [1m0s[0m 26ms/step - accuracy: 0.9074 - loss: 0.1798
[1m13/13[0m [32m====================[0m[37m[0m [1m0s[0m 26ms/step - accuracy: 0.9083 - loss: 0.1804
[1m13/13[0m [32m====================[0m[37m[0m [1m0s[0m 32ms/step - accuracy: 0.9124 - loss: 0.1846 - val_accuracy: 0.9223 - val_loss: 0.1918 - learning_rate: 0.0010
Epoch 4/100

[1m 1/13[0m [32m=[0m[37m===================[0m [1m0s[0m 48ms/step - accuracy: 0.9375 - loss: 0.1910
[1m 3/13[0m [32m====[0m[37m================[0m [1m0s[0m 26ms/step - accuracy: 0.8958 - loss: 0.2248
[1m 6/13[0m [32m=========[0m[37m===========[0m [1m0s[0m 25ms/step - accuracy: 0.9028 - loss: 0.2114
[1m 8/13[0m [32m============[0m[37m========[0m [1m0s[0m 26ms/step - accuracy: 0.9047 - loss: 0.2062
[1m10/13[0m [32m===============[0m[37m=====[0m [1m0s[0m 26ms/step - accuracy: 0.9063 - loss: 0.2017
[1m12/13[0m [32m==================[0m[37m==[0m [1m0s[0m 26ms/step - accuracy: 0.9079 - loss: 0.1987
[1m13/13[0m [32m====================[0m[37m[0m [1m0s[0m 32ms/step - accuracy: 0.9197 - loss: 0.1778 - val_accuracy: 0.9320 - val_loss: 0.1852 - learning_rate: 0.0010
Epoch 5/100

[1m 1/13[0m [32m=[0m[37m===================[0m [1m0s[0m 49ms/step - accuracy: 0.9688 - loss: 0.1351
[1m 3/13[0m [32m====[0m[37m================[0m [1m0s[0m 27ms/step - accuracy: 0.9653 - loss: 0.1154
[1m 5/13[0m [32m=======[0m[37m=============[0m [1m0s[0m 26ms/step - accuracy: 0.9667 - loss: 0.1064
[1m 7/13[0m [32m==========[0m[37m==========[0m [1m0s[0m 26ms/step - accuracy: 0.9618 - loss: 0.1126
[1m 9/13[0m [32m=============[0m[37m=======[0m [1m0s[0m 26ms/step - accuracy: 0.9564 - loss: 0.1165
[1m11/13[0m [32m================[0m[37m====[0m [1m0s[0m 26ms/step - accuracy: 0.9533 - loss: 0.1198
[1m13/13[0m [32m====================[0m[37m[0m [1m0s[0m 32ms/step - accuracy: 0.9367 - loss: 0.1477 - val_accuracy: 0.9320 - val_loss: 0.1821 - learning_rate: 0.0010
Epoch 6/100

[1m 1/13[0m [32m=[0m[37m===================[0m [1m0s[0m 46ms/step - accuracy: 1.0000 - loss: 0.0664
[1m 3/13[0m [32m====[0m[37m================[0m [1m0s[0m 26ms/step - accuracy: 0.9965 - loss: 0.0665
[1m 5/13[0m [32m=======[0m[37m=============[0m [1m0s[0m 26ms/step - accuracy: 0.9870 - loss: 0.0862
[1m 7/13[0m [32m==========[0m[37m==========[0m [1m0s[0m 26ms/step - accuracy: 0.9832 - loss: 0.0919
[1m 9/13[0m [32m=============[0m[37m=======[0m [1m0s[0m 26ms/step - accuracy: 0.9791 - loss: 0.0978
[1m11/13[0m [32m================[0m[37m====[0m [1m0s[0m 26ms/step - accuracy: 0.9767 - loss: 0.0996
[1m13/13[0m [32m====================[0m[37m[0m [1m0s[0m 26ms/step - accuracy: 0.9747 - loss: 0.1014
[1m13/13[0m [32m====================[0m[37m[0m [1m0s[0m 33ms/step - accuracy: 0.9635 - loss: 0.1109 - val_accuracy: 0.9320 - val_loss: 0.1862 - learning_rate: 0.0010
Epoch 7/100

[1m 1/13[0m [32m=[0m[37m===================[0m [1m0s[0m 48ms/step - accuracy: 0.9688 - loss: 0.0529
[1m 3/13[0m [32m====[0m[37m================[0m [1m0s[0m 27ms/step - accuracy: 0.9653 - loss: 0.0766
[1m 5/13[0m [32m=======[0m[37m=============[0m [1m0s[0m 27ms/step - accuracy: 0.9639 - loss: 0.0856
[1m 7/13[0m [32m==========[0m[37m==========[0m [1m0s[0m 27ms/step - accuracy: 0.9626 - loss: 0.0899
[1m 9/13[0m [32m=============[0m[37m=======[0m [1m0s[0m 27ms/step - accuracy: 0.9611 - loss: 0.0940
[1m11/13[0m [32m================[0m[37m====[0m [1m0s[0m 26ms/step - accuracy: 0.9601 - loss: 0.0965
[1m13/13[0m [32m====================[0m[37m[0m [1m0s[0m 26ms/step - accuracy: 0.9593 - loss: 0.0977
[1m13/13[0m [32m====================[0m[37m[0m [1m0s[0m 32ms/step - accuracy: 0.9538 - loss: 0.1052 - val_accuracy: 0.9320 - val_loss: 0.1888 - learning_rate: 5.0000e-04
Epoch 8/100

[1m 1/13[0m [32m=[0m[37m===================[0m [1m0s[0m 46ms/step - accuracy: 0.9375 - loss: 0.1265
[1m 3/13[0m [32m====[0m[37m================[0m [1m0s[0m 26ms/step - accuracy: 0.9497 - loss: 0.1166
[1m 5/13[0m [32m=======[0m[37m=============[0m [1m0s[0m 26ms/step - accuracy: 0.9560 - loss: 0.1078
[1m 7/13[0m [32m==========[0m[37m==========[0m [1m0s[0m 26ms/step - accuracy: 0.9590 - loss: 0.1003
[1m 9/13[0m [32m=============[0m[37m=======[0m [1m0s[0m 26ms/step - accuracy: 0.9604 - loss: 0.0966
[1m11/13[0m [32m================[0m[37m====[0m [1m0s[0m 26ms/step - accuracy: 0.9619 - loss: 0.0947
[1m13/13[0m [32m====================[0m[37m[0m [1m0s[0m 32ms/step - accuracy: 0.9659 - loss: 0.0878 - val_accuracy: 0.9320 - val_loss: 0.1937 - learning_rate: 5.0000e-04
Epoch 9/100

[1m 1/13[0m [32m=[0m[37m===================[0m [1m0s[0m 47ms/step - accuracy: 1.0000 - loss: 0.0300
[1m 3/13[0m [32m====[0m[37m================[0m [1m0s[0m 26ms/step - accuracy: 0.9965 - loss: 0.0374
[1m 6/13[0m [32m=========[0m[37m===========[0m [1m0s[0m 25ms/step - accuracy: 0.9899 - loss: 0.0478
[1m 8/13[0m [32m============[0m[37m========[0m [1m0s[0m 26ms/step - accuracy: 0.9893 - loss: 0.0487
[1m10/13[0m [32m===============[0m[37m=====[0m [1m0s[0m 26ms/step - accuracy: 0.9882 - loss: 0.0496
[1m12/13[0m [32m==================[0m[37m==[0m [1m0s[0m 26ms/step - accuracy: 0.9861 - loss: 0.0522
[1m13/13[0m [32m====================[0m[37m[0m [1m0s[0m 32ms/step - accuracy: 0.9732 - loss: 0.0672 - val_accuracy: 0.9320 - val_loss: 0.1962 - learning_rate: 5.0000e-04
Epoch 10/100

[1m 1/13[0m [32m=[0m[37m===================[0m [1m0s[0m 48ms/step - accuracy: 0.8750 - loss: 0.2971
[1m 3/13[0m [32m====[0m[37m================[0m [1m0s[0m 27ms/step - accuracy: 0.9149 - loss: 0.2165
[1m 5/13[0m [32m=======[0m[37m=============[0m [1m0s[0m 27ms/step - accuracy: 0.9296 - loss: 0.1814
[1m 7/13[0m [32m==========[0m[37m==========[0m [1m0s[0m 27ms/step - accuracy: 0.9374 - loss: 0.1624
[1m 9/13[0m [32m=============[0m[37m=======[0m [1m0s[0m 27ms/step - accuracy: 0.9419 - loss: 0.1503
[1m11/13[0m [32m================[0m[37m====[0m [1m0s[0m 27ms/step - accuracy: 0.9449 - loss: 0.1413
[1m13/13[0m [32m====================[0m[37m[0m [1m0s[0m 27ms/step - accuracy: 0.9472 - loss: 0.1342
[1m13/13[0m [32m====================[0m[37m[0m [1m0s[0m 33ms/step - accuracy: 0.9586 - loss: 0.0963 - val_accuracy: 0.9223 - val_loss: 0.2066 - learning_rate: 5.0000e-04
Epoch 11/100

[1m 1/13[0m [32m=[0m[37m===================[0m [1m0s[0m 49ms/step - accuracy: 0.9688 - loss: 0.1036
[1m 3/13[0m [32m====[0m[37m================[0m [1m0s[0m 26ms/step - accuracy: 0.9809 - loss: 0.0716
[1m 6/13[0m [32m=========[0m[37m===========[0m [1m0s[0m 25ms/step - accuracy: 0.9812 - loss: 0.0607
[1m 8/13[0m [32m============[0m[37m========[0m [1m0s[0m 26ms/step - accuracy: 0.9782 - loss: 0.0643
[1m10/13[0m [32m===============[0m[37m=====[0m [1m0s[0m 26ms/step - accuracy: 0.9766 - loss: 0.0664
[1m12/13[0m [32m==================[0m[37m==[0m [1m0s[0m 26ms/step - accuracy: 0.9760 - loss: 0.0683
[1m13/13[0m [32m====================[0m[37m[0m [1m0s[0m 32ms/step - accuracy: 0.9757 - loss: 0.0712 - val_accuracy: 0.9223 - val_loss: 0.2054 - learning_rate: 5.0000e-04
{"success": true, "error": null, "model_path": "files/2d998c5b-ef76-4ed2-86b8-12af54c9bf28.keras"}
